Not searching for unused variables given on the command line.
CONAN_TARGET_PLATFORM is x86
[36m--[0m Using CATKIN_DEVEL_PREFIX: /home/anthony/comp400/sim/kinova-arm/catkin_ws/devel/.private/kortex_driver
[36m--[0m Using CMAKE_PREFIX_PATH: /home/anthony/comp400/sim/kinova-arm/catkin_ws/devel;/opt/ros/noetic
[36m--[0m This workspace overlays: /home/anthony/comp400/sim/kinova-arm/catkin_ws/devel;/opt/ros/noetic
[36m--[0m Found PythonInterp: /usr/bin/python3 (found suitable version "3.8.10", minimum required is "3")
[36m--[0m Using PYTHON_EXECUTABLE: /usr/bin/python3
[36m--[0m Using Debian Python package layout
[36m--[0m Using empy: /usr/lib/python3/dist-packages/em.py
[36m--[0m Using CATKIN_ENABLE_TESTING: ON
[36m--[0m Call enable_testing()
[36m--[0m Using CATKIN_TEST_RESULTS_DIR: /home/anthony/comp400/sim/kinova-arm/catkin_ws/build/kortex_driver/test_results
[36m--[0m Forcing gtest/gmock from source, though one was otherwise available.
[36m--[0m Found gtest sources under '/usr/src/googletest': gtests will be built
[36m--[0m Found gmock sources under '/usr/src/googletest': gmock will be built
[36m--[0m Found PythonInterp: /usr/bin/python3 (found version "3.8.10")
[36m--[0m Using Python nosetests: /usr/bin/nosetests3
[36m--[0m catkin 0.8.10
[36m--[0m BUILD_SHARED_LIBS is on
[36m--[0m Using these message generators: gencpp;geneus;genlisp;gennodejs;genpy
[36m--[0m Generating .msg files for action kortex_driver/FollowCartesianTrajectory /home/anthony/comp400/sim/kinova-arm/catkin_ws/src/kortex_driver/action/non_generated/FollowCartesianTrajectory.action
[36m--[0m kortex_driver: 432 messages, 259 services
[36m--[0m Conan: checking conan executable in path
[36m--[0m Conan: Found program /home/anthony/.local/bin/conan
[36m--[0m Conan: Version found Conan version 1.52.0

[36m--[0m Conan: Adding kinova_public remote repository (https://artifactory.kinovaapps.com/artifactory/api/conan/conan-public)
[36m--[0m Conan: Automatic detection of conan settings from cmake
[36m--[0m Conan: Settings= -s;build_type=Release;-s;compiler=gcc;-s;compiler.version=8;-s;compiler.libcxx=libstdc++11;-s;kortex_api_cpp:compiler=gcc;-s;kortex_api_cpp:compiler.version=5;-s;kortex_api_cpp:compiler.libcxx=libstdc++11
[36m--[0m Conan executing: conan install /home/anthony/comp400/sim/kinova-arm/catkin_ws/src/kortex_driver/conanfile.py -s build_type=Release -s compiler=gcc -s compiler.version=8 -s compiler.libcxx=libstdc++11 -s kortex_api_cpp:compiler=gcc -s kortex_api_cpp:compiler.version=5 -s kortex_api_cpp:compiler.libcxx=libstdc++11 -g=cmake --update
Configuration:
[settings]
arch=x86_64
arch_build=x86_64
build_type=Release
compiler=gcc
compiler.libcxx=libstdc++11
compiler.version=8
os=Linux
os_build=Linux
kortex_api_cpp:compiler=gcc
kortex_api_cpp:compiler.version=5
kortex_api_cpp:compiler.libcxx=libstdc++11
[options]
[build_requires]
[env]

kortex_api_cpp/2.3.0-r.34@@kortex/stable: Not found in local cache, looking in remotes...
kortex_api_cpp/2.3.0-r.34@@kortex/stable: Trying with 'conancenter'...
kortex_api_cpp/2.3.0-r.34@@kortex/stable: Trying with 'kinova_public'...
Downloading conanmanifest.txt
Downloading conanfile.py
kortex_api_cpp/2.3.0-r.34@@kortex/stable: Downloaded recipe revision 4a7af7ea3b5ba58e9864f879472e9d7059cd624f
conanfile.py: Installing package
Requirements
    kortex_api_cpp/2.3.0-r.34@@kortex/stable from 'kinova_public' - Downloaded
Packages
    kortex_api_cpp/2.3.0-r.34@@kortex/stable:c023db9fc677d4d0b3bd0c20f71385e4cf8a1220 - Download

Installing (downloading, building) binaries...
kortex_api_cpp/2.3.0-r.34@@kortex/stable: Retrieving package c023db9fc677d4d0b3bd0c20f71385e4cf8a1220 from remote 'kinova_public'
Downloading conanmanifest.txt
Downloading conaninfo.txt
Downloading conan_package.tgz
kortex_api_cpp/2.3.0-r.34@@kortex/stable: Package installed c023db9fc677d4d0b3bd0c20f71385e4cf8a1220
kortex_api_cpp/2.3.0-r.34@@kortex/stable: Downloaded package revision 31f1328bb975bbcb91651afbbd827a58
conanfile.py: Generator txt created conanbuildinfo.txt
conanfile.py: Generator cmake created conanbuildinfo.cmake
conanfile.py: Aggregating env generators
conanfile.py: Generated conaninfo.txt
conanfile.py: Generated graphinfo
[36m--[0m Conan: Loading conanbuildinfo.cmake
[36m--[0m Conan: Using cmake targets configuration
[36m--[0m Library KortexApiCpp found /home/anthony/.conan/data/kortex_api_cpp/2.3.0-r.34/kortex/stable/package/c023db9fc677d4d0b3bd0c20f71385e4cf8a1220/lib/libKortexApiCpp.a
[36m--[0m Conan: Adjusting default RPATHs Conan policies
[36m--[0m Conan: Adjusting language standard
[36m--[0m Current conanbuildinfo.cmake directory: /home/anthony/comp400/sim/kinova-arm/catkin_ws/build/kortex_driver
[36m--[0m WARN: CONAN_COMPILER variable not set, please make sure yourself that your compiler and version matches your declared settings
[36m--[0m Configuring done
[36m--[0m Generating done
[36m--[0m Build files have been written to: /home/anthony/comp400/sim/kinova-arm/catkin_ws/build/kortex_driver
