Not searching for unused variables given on the command line.
[36m--[0m The C compiler identification is GNU 8.4.0
[36m--[0m The CXX compiler identification is GNU 8.4.0
[36m--[0m Check for working C compiler: /usr/bin/cc
[36m--[0m Check for working C compiler: /usr/bin/cc -- works
[36m--[0m Detecting C compiler ABI info
[36m--[0m Detecting C compiler ABI info - done
[36m--[0m Detecting C compile features
[36m--[0m Detecting C compile features - done
[36m--[0m Check for working CXX compiler: /usr/bin/c++
[36m--[0m Check for working CXX compiler: /usr/bin/c++ -- works
[36m--[0m Detecting CXX compiler ABI info
[36m--[0m Detecting CXX compiler ABI info - done
[36m--[0m Detecting CXX compile features
[36m--[0m Detecting CXX compile features - done
CONAN_TARGET_PLATFORM is x86
[36m--[0m Using CATKIN_DEVEL_PREFIX: /home/anthony/comp400/sim/kinova-arm/catkin_ws/devel/.private/kortex_driver
[36m--[0m Using CMAKE_PREFIX_PATH: /home/anthony/comp400/sim/kinova-arm/catkin_ws/devel;/opt/ros/noetic
[36m--[0m This workspace overlays: /home/anthony/comp400/sim/kinova-arm/catkin_ws/devel;/opt/ros/noetic
[36m--[0m Found PythonInterp: /usr/bin/python3 (found suitable version "3.8.10", minimum required is "3")
[36m--[0m Using PYTHON_EXECUTABLE: /usr/bin/python3
[36m--[0m Using Debian Python package layout
[36m--[0m Found PY_em: /usr/lib/python3/dist-packages/em.py
[36m--[0m Using empy: /usr/lib/python3/dist-packages/em.py
[36m--[0m Using CATKIN_ENABLE_TESTING: ON
[36m--[0m Call enable_testing()
[36m--[0m Using CATKIN_TEST_RESULTS_DIR: /home/anthony/comp400/sim/kinova-arm/catkin_ws/build/kortex_driver/test_results
[36m--[0m Forcing gtest/gmock from source, though one was otherwise available.
[36m--[0m Found gtest sources under '/usr/src/googletest': gtests will be built
[36m--[0m Found gmock sources under '/usr/src/googletest': gmock will be built
[36m--[0m Found PythonInterp: /usr/bin/python3 (found version "3.8.10")
[36m--[0m Found Threads: TRUE
[36m--[0m Using Python nosetests: /usr/bin/nosetests3
[36m--[0m catkin 0.8.10
[36m--[0m BUILD_SHARED_LIBS is on
[36m--[0m Using these message generators: gencpp;geneus;genlisp;gennodejs;genpy
[36m--[0m Found Boost: /usr/lib/x86_64-linux-gnu/cmake/Boost-1.71.0/BoostConfig.cmake (found version "1.71.0") found components: system
[36m--[0m Generating .msg files for action kortex_driver/FollowCartesianTrajectory /home/anthony/comp400/sim/kinova-arm/catkin_ws/src/kortex_driver/action/non_generated/FollowCartesianTrajectory.action
Generating for action FollowCartesianTrajectory
[36m--[0m kortex_driver: 432 messages, 259 services
[36m--[0m Conan: checking conan executable in path
[36m--[0m Conan: Found program /home/anthony/.local/bin/conan
[36m--[0m Conan: Version found Conan version 1.52.0

[36m--[0m Conan: Adding kinova_public remote repository (https://artifactory.kinovaapps.com/artifactory/api/conan/conan-public)
[36m--[0m Conan: Automatic detection of conan settings from cmake
[36m--[0m Conan: Settings= -s;build_type=Release;-s;compiler=gcc;-s;compiler.version=8;-s;compiler.libcxx=libstdc++11;-s;kortex_api_cpp:compiler=gcc;-s;kortex_api_cpp:compiler.version=5;-s;kortex_api_cpp:compiler.libcxx=libstdc++11
[36m--[0m Conan executing: conan install /home/anthony/comp400/sim/kinova-arm/catkin_ws/src/kortex_driver/conanfile.py -s build_type=Release -s compiler=gcc -s compiler.version=8 -s compiler.libcxx=libstdc++11 -s kortex_api_cpp:compiler=gcc -s kortex_api_cpp:compiler.version=5 -s kortex_api_cpp:compiler.libcxx=libstdc++11 -g=cmake --update
Configuration:
[settings]
arch=x86_64
arch_build=x86_64
build_type=Release
compiler=gcc
compiler.libcxx=libstdc++11
compiler.version=8
os=Linux
os_build=Linux
kortex_api_cpp:compiler=gcc
kortex_api_cpp:compiler.version=5
kortex_api_cpp:compiler.libcxx=libstdc++11
[options]
[build_requires]
[env]

kortex_api_cpp/2.3.0-r.34@@kortex/stable: Not found in local cache, looking in remotes...
kortex_api_cpp/2.3.0-r.34@@kortex/stable: Trying with 'conancenter'...
kortex_api_cpp/2.3.0-r.34@@kortex/stable: Trying with 'kinova_public'...
[1m[31mERROR:[0m Failed requirement 'kortex_api_cpp/2.3.0-r.34@@kortex/stable' from 'conanfile.py'[0m
[1m[31mERROR:[0m The remote at 'https://artifactory.kinovaapps.com/artifactory/api/conan/conan-public' only works with revisions enabled. Set CONAN_REVISIONS_ENABLED=1 or set 'general.revisions_enabled = 1' at the 'conan.conf'. [Remote: kinova_public][0m
[31m[1mCMake Error[0m at /home/anthony/comp400/sim/kinova-arm/catkin_ws/src/kortex_driver/cmake/conan.cmake:399 (message):
  Conan install failed='1'
[36mCall Stack (most recent call first):[0m
  cmake/conan.cmake:485 (conan_cmake_install)
  CMakeLists.txt:72 (conan_cmake_run)


[36m--[0m Configuring incomplete, errors occurred!
See also "/home/anthony/comp400/sim/kinova-arm/catkin_ws/build/kortex_driver/CMakeFiles/CMakeOutput.log".
See also "/home/anthony/comp400/sim/kinova-arm/catkin_ws/build/kortex_driver/CMakeFiles/CMakeError.log".
